<?xml version="1.0" encoding="UTF-8"?>
<testsuite xmlns:xsi="http://www.w3.org/2001/XMLSchema-instance" xsi:noNamespaceSchemaLocation="https://maven.apache.org/surefire/maven-surefire-plugin/xsd/surefire-test-report-3.0.xsd" version="3.0" name="TestSuite" time="47.348" tests="1" errors="0" skipped="0" failures="0">
  <properties>
[...]
</properties>
  <testcase name="feature[Generate run time user](1)" classname="com.unlimint.Runner.RunCucumberFeatures" time="44.107">
    <system-out><![CDATA[{"results":[{"gender":"male","name":{"title":"Mr","first":"Jamie","last":"Hernandez"},"location":{"street":{"number":2376,"name":"Frances Ct"},"city":"San Diego","state":"Oklahoma","country":"United States","postcode":72700,"coordinates":{"latitude":"-45.9168","longitude":"-39.1417"},"timezone":{"offset":"+1:00","description":"Brussels, Copenhagen, Madrid, Paris"}},"email":"jamie.hernandez@example.com","login":{"uuid":"76734cbb-416f-424e-af9b-c894b4ce49d9","username":"organicpanda786","password":"water","salt":"pez8hq6j","md5":"511fcb39021c17971e9ba8887779a9a1","sha1":"b623c2038b7f8f3aa29b589b694a66ce9327d3a7","sha256":"d3820fca0b28245002f9511c882f0f0a31aa45c1147607edd233896489f318ac"},"dob":{"date":"1975-04-19T16:08:11.306Z","age":47},"registered":{"date":"2014-09-21T17:05:00.516Z","age":8},"phone":"(727) 936-8653","cell":"(852) 932-9564","id":{"name":"SSN","value":"806-78-8233"},"picture":{"large":"https://randomuser.me/api/portraits/men/25.jpg","medium":"https://randomuser.me/api/portraits/med/men/25.jpg","thumbnail":"https://randomuser.me/api/portraits/thumb/men/25.jpg"},"nat":"US"}],"info":{"seed":"eaf696aba11e82d3","results":1,"page":1,"version":"1.4"}}
00:00  INFO: Starting Chrome Driver
2022-12-08 20:15:36  INFO (WebDriverManager.java:606) Using chromedriver 107.0.5304.62 (resolved driver for Chrome 107)
2022-12-08 20:15:36  INFO (WebDriverManager.java:662) Exporting webdriver.chrome.driver as C:\Users\gurenderkush\.cache\selenium\chromedriver\win32\107.0.5304.62\chromedriver.exe
2022-12-08 20:15:45  INFO (Log.java:50) finding Web element By.xpath: /html/body/div[2]/header/div[1]/div/ul/li[3]/a
2022-12-08 20:15:45  INFO (Log.java:50) Clicking on Click on create account link
2022-12-08 20:15:47  INFO (Log.java:50) Pass:Successfully clicked on Click on create account link
2022-12-08 20:15:47  INFO (Log.java:50) finding Web element By.xpath: //span[text()='Create New Customer Account']
2022-12-08 20:15:47  INFO (Log.java:50) Getting Element Text
2022-12-08 20:15:47  INFO (Log.java:50) Pass:Text is:Create New Customer Account
2022-12-08 20:15:47  INFO (Log.java:50) finding Web element By.xpath: //span[text()='Create New Customer Account']
2022-12-08 20:15:47  INFO (Log.java:50) Getting Element Text
2022-12-08 20:15:47  INFO (Log.java:50) Pass:Text is:Create New Customer Account
2022-12-08 20:15:47  INFO (Log.java:50) finding Web element By.xpath: //*[@id="firstname"]
2022-12-08 20:15:47  INFO (Log.java:50) Setting text
2022-12-08 20:15:47  INFO (Log.java:50) Pass:Jamie is entered
2022-12-08 20:15:47  INFO (Log.java:50) finding Web element By.xpath: //*[@id="lastname"]
2022-12-08 20:15:47  INFO (Log.java:50) Setting text
2022-12-08 20:15:47  INFO (Log.java:50) Pass:Hernandez is entered
2022-12-08 20:15:47  INFO (Log.java:50) finding Web element By.xpath: //*[@id="email_address"]
2022-12-08 20:15:47  INFO (Log.java:50) Setting text
2022-12-08 20:15:47  INFO (Log.java:50) Pass:jamie.hernandez@example.com is entered
2022-12-08 20:15:47  INFO (Log.java:50) finding Web element By.xpath: //*[@id="password"]
2022-12-08 20:15:47  INFO (Log.java:50) Setting text
2022-12-08 20:15:47  INFO (Log.java:50) Pass:Unlimint@56789 is entered
2022-12-08 20:15:47  INFO (Log.java:50) finding Web element By.xpath: //*[@id="password-confirmation"]
2022-12-08 20:15:47  INFO (Log.java:50) Setting text
2022-12-08 20:15:48  INFO (Log.java:50) Pass:Unlimint@56789 is entered
2022-12-08 20:15:48  INFO (Log.java:50) finding Web element By.xpath: //span[text()='Create an Account']
2022-12-08 20:15:48  INFO (Log.java:50) Clicking on Click on create account button
2022-12-08 20:15:51  INFO (Log.java:50) Pass:Successfully clicked on Click on create account button
2022-12-08 20:15:51  INFO (Log.java:50) finding Web element By.xpath: //span[text()='Men']
2022-12-08 20:15:51  INFO (Log.java:50) finding Web element By.xpath: //*[@id="ui-id-17"]
2022-12-08 20:15:51  INFO (Log.java:50) finding Web element By.xpath: //*[@id="ui-id-19"]/span
2022-12-08 20:15:51  INFO (Log.java:50) Waiting for wait to display
2022-12-08 20:15:51  INFO (Log.java:50) Pass:wait is displayed
2022-12-08 20:15:53  INFO (Log.java:50) finding Web element By.xpath: //ol[@class='products list items product-items']/li//img
2022-12-08 20:15:53  INFO (Log.java:50) Clicking on select an item
2022-12-08 20:15:55  INFO (Log.java:50) Pass:Successfully clicked on select an item
2022-12-08 20:15:55  INFO (Log.java:50) finding Web element By.xpath: //*[@id="option-label-color-93-item-49"]
2022-12-08 20:15:55  INFO (Log.java:50) Clicking on choose the color
2022-12-08 20:15:55  INFO (Log.java:50) Pass:Successfully clicked on choose the color
2022-12-08 20:15:55  INFO (Log.java:50) finding Web element By.xpath: //*[@id="option-label-size-143-item-170"]
2022-12-08 20:15:55  INFO (Log.java:50) Clicking on choose the size
2022-12-08 20:15:55  INFO (Log.java:50) Pass:Successfully clicked on choose the size
2022-12-08 20:15:55  INFO (Log.java:50) finding Web element By.xpath: //*[@id="product-addtocart-button"]/span
2022-12-08 20:15:55  INFO (Log.java:50) Clicking on add to cart
2022-12-08 20:15:55  INFO (Log.java:50) Pass:Successfully clicked on add to cart
2022-12-08 20:15:55  INFO (Log.java:50) finding Web element By.xpath: /html/body/div[2]/header/div[2]/div[1]/a
2022-12-08 20:15:55  INFO (Log.java:50) Waiting for element to display
2022-12-08 20:15:55  INFO (Log.java:50) Pass:element is displayed
2022-12-08 20:16:00  INFO (Log.java:50) finding Web element By.xpath: /html/body/div[2]/header/div[2]/div[1]/a
2022-12-08 20:16:00  INFO (Log.java:50) Clicking on 
2022-12-08 20:16:00  INFO (Log.java:50) Pass:Successfully clicked on 
2022-12-08 20:16:00  INFO (Log.java:50) finding Web element By.xpath: //*[@id="top-cart-btn-checkout"]
2022-12-08 20:16:00  INFO (Log.java:50) Clicking on checkout
2022-12-08 20:16:02  INFO (Log.java:50) Pass:Successfully clicked on checkout
2022-12-08 20:16:07  INFO (Log.java:50) finding Web element By.xpath: //input[@name='street[0]']
2022-12-08 20:16:07  INFO (Log.java:50) Setting text
2022-12-08 20:16:07  INFO (Log.java:50) Pass:Frances Ct is entered
2022-12-08 20:16:07  INFO (Log.java:50) finding Web element By.xpath: //input[@name='city']
2022-12-08 20:16:07  INFO (Log.java:50) Setting text
2022-12-08 20:16:07  INFO (Log.java:50) Pass:San Diego is entered
2022-12-08 20:16:07  INFO (Log.java:50) finding Web element By.xpath: //select[@name='region_id']
2022-12-08 20:16:07  INFO (Log.java:50) Select value
2022-12-08 20:16:07  INFO (Log.java:50) finding Web element By.xpath: //input[@name='postcode']
2022-12-08 20:16:07  INFO (Log.java:50) Setting text
2022-12-08 20:16:07  INFO (Log.java:50) Pass:72700 is entered
2022-12-08 20:16:07  INFO (Log.java:50) finding Web element By.xpath: //input[@name='telephone']
2022-12-08 20:16:07  INFO (Log.java:50) Setting text
2022-12-08 20:16:08  INFO (Log.java:50) Pass:(727) 936-8653 is entered
2022-12-08 20:16:08  INFO (Log.java:50) finding Web element By.xpath: //input[@name='ko_unique_1']
2022-12-08 20:16:08  INFO (Log.java:50) Clicking on shipping method
2022-12-08 20:16:08  INFO (Log.java:50) Pass:Successfully clicked on shipping method
2022-12-08 20:16:08  INFO (Log.java:50) finding Web element By.xpath: //*[@id="shipping-method-buttons-container"]/div/button/span
2022-12-08 20:16:08  INFO (Log.java:50) Clicking on next button
2022-12-08 20:16:08  INFO (Log.java:50) Pass:Successfully clicked on next button
2022-12-08 20:16:16  INFO (Log.java:50) finding Web element By.xpath: //button[@title='Place Order']
2022-12-08 20:16:16  INFO (Log.java:50) Clicking on place order button
2022-12-08 20:16:16  INFO (Log.java:50) Pass:Successfully clicked on place order button
2022-12-08 20:16:16  INFO (Log.java:50) finding Web element By.xpath: //span[@data-ui-id='page-title-wrapper']
2022-12-08 20:16:16  INFO (Log.java:50) Getting Element Text
2022-12-08 20:16:16  INFO (Log.java:50) Pass:Text is:Checkout
]]></system-out>
    <system-err><![CDATA[Starting ChromeDriver 107.0.5304.62 (1eec40d3a5764881c92085aaee66d25075c159aa-refs/branch-heads/5304@{#942}) on port 16747
Only local connections are allowed.
Please see https://chromedriver.chromium.org/security-considerations for suggestions on keeping ChromeDriver safe.
ChromeDriver was started successfully.
Dec 08, 2022 8:15:38 PM org.openqa.selenium.remote.ProtocolHandshake createSession
INFO: Detected dialect: W3C
]]></system-err>
  </testcase>
</testsuite>