<?xml version="1.0" encoding="UTF-8"?>
<testng-results skipped="0" failed="0" ignored="0" total="1" passed="1">
  <reporter-output>
  </reporter-output>
  <suite name="Suite" duration-ms="46312" started-at="2022-12-08T20:15:32 IST" finished-at="2022-12-08T20:16:18 IST">
    <groups>
      <group name="cucumber">
        <method signature="ExtendedTestNGRunner.feature(cucumber.api.testng.CucumberFeatureWrapper)[pri:0, instance:com.unlimint.Runner.RunCucumberFeatures@128d2484]" name="feature" class="com.github.mkolisnyk.cucumber.runner.ExtendedTestNGRunner"/>
      </group> <!-- cucumber -->
    </groups>
    <test name="Unlimint Automation" duration-ms="46312" started-at="2022-12-08T20:15:32 IST" finished-at="2022-12-08T20:16:18 IST">
      <class name="com.unlimint.Runner.RunCucumberFeatures">
        <test-method status="PASS" signature="setUP()[pri:0, instance:com.unlimint.Runner.RunCucumberFeatures@128d2484]" name="setUP" is-config="true" duration-ms="303" started-at="2022-12-08T20:15:31 IST" finished-at="2022-12-08T20:15:32 IST">
          <reporter-output>
          </reporter-output>
        </test-method> <!-- setUP -->
        <test-method status="PASS" signature="setUpClass()[pri:0, instance:com.unlimint.Runner.RunCucumberFeatures@128d2484]" name="setUpClass" is-config="true" duration-ms="31" started-at="2022-12-08T20:15:32 IST" finished-at="2022-12-08T20:15:32 IST">
          <reporter-output>
          </reporter-output>
        </test-method> <!-- setUpClass -->
        <test-method status="PASS" signature="feature(cucumber.api.testng.CucumberFeatureWrapper)[pri:0, instance:com.unlimint.Runner.RunCucumberFeatures@128d2484]" name="feature" duration-ms="44089" started-at="2022-12-08T20:15:32 IST" description="Runs Cucumber Feature" data-provider="features" finished-at="2022-12-08T20:16:16 IST">
          <params>
            <param index="0">
              <value>
                <![CDATA[Generate run time user]]>
              </value>
            </param>
          </params>
          <reporter-output>
          </reporter-output>
        </test-method> <!-- feature -->
        <test-method status="PASS" signature="tearDownClass()[pri:0, instance:com.unlimint.Runner.RunCucumberFeatures@128d2484]" name="tearDownClass" is-config="true" duration-ms="2118" started-at="2022-12-08T20:16:16 IST" finished-at="2022-12-08T20:16:18 IST">
          <reporter-output>
          </reporter-output>
        </test-method> <!-- tearDownClass -->
      </class> <!-- com.unlimint.Runner.RunCucumberFeatures -->
    </test> <!-- Unlimint Automation -->
  </suite> <!-- Suite -->
</testng-results>
